#
# There is insufficient memory for the Java Runtime Environment to continue.
# Native memory allocation (mmap) failed to map 134217728 bytes for G1 virtual space
# Possible reasons:
#   The system is out of physical RAM or swap space
#   The process is running with CompressedOops enabled, and the Java Heap may be blocking the growth of the native heap
# Possible solutions:
#   Reduce memory load on the system
#   Increase physical memory or swap space
#   Check if swap backing store is full
#   Decrease Java heap size (-Xmx/-Xms)
#   Decrease number of Java threads
#   Decrease Java thread stack sizes (-Xss)
#   Set larger code cache with -XX:ReservedCodeCacheSize=
#   JVM is running with Unscaled Compressed Oops mode in which the Java heap is
#     placed in the first 4GB address space. The Java Heap base address is the
#     maximum limit for the native heap growth. Please use -XX:HeapBaseMinAddress
#     to set the Java Heap base and to place the Java Heap above 4GB virtual address.
# This output file may be truncated or incomplete.
#
#  Out of Memory Error (os_windows.cpp:3829), pid=11424, tid=6964
#
# JRE version:  (17.0.8+7) (build )
# Java VM: OpenJDK 64-Bit Server VM (17.0.8+7-b1000.22, mixed mode, sharing, tiered, compressed oops, compressed class ptrs, g1 gc, windows-amd64)
# No core dump will be written. Minidumps are not enabled by default on client versions of Windows
#

---------------  S U M M A R Y ------------

Command Line: git4idea.http.GitAskPassApp Username for 'https://github.com': 

Host: Intel(R) Core(TM) i3-5010U CPU @ 2.10GHz, 4 cores, 7G,  Windows 10 , 64 bit Build 19041 (10.0.19041.3570)
Time: Wed Oct 25 03:29:36 2023 SE Asia Standard Time elapsed time: 0.067610 seconds (0d 0h 0m 0s)

---------------  T H R E A D  ---------------

Current thread (0x0000018eab7f92f0):  JavaThread "Unknown thread" [_thread_in_vm, id=6964, stack(0x00000025e3b00000,0x00000025e3c00000)]

Stack: [0x00000025e3b00000,0x00000025e3c00000]
Native frames: (J=compiled Java code, j=interpreted, Vv=VM code, C=native code)
V  [jvm.dll+0x6852da]
V  [jvm.dll+0x844c84]
V  [jvm.dll+0x84659e]
V  [jvm.dll+0x846c03]
V  [jvm.dll+0x24b7cf]
V  [jvm.dll+0x682049]
V  [jvm.dll+0x67671a]
V  [jvm.dll+0x30be2b]
V  [jvm.dll+0x3132d6]
V  [jvm.dll+0x36302e]
V  [jvm.dll+0x36325f]
V  [jvm.dll+0x2e1f48]
V  [jvm.dll+0x2e2eb4]
V  [jvm.dll+0x815c11]
V  [jvm.dll+0x370df1]
V  [jvm.dll+0x7f4fdc]
V  [jvm.dll+0x3f3f1f]
V  [jvm.dll+0x3f5b31]
C  [jli.dll+0x528f]
C  [ucrtbase.dll+0x21bb2]
C  [KERNEL32.DLL+0x17344]
C  [ntdll.dll+0x526b1]


---------------  P R O C E S S  ---------------

Threads class SMR info:
_java_thread_list=0x00007ffa6d090098, length=0, elements={
}

Java Threads: ( => current thread )

Other Threads:
  0x0000018eab853da0 GCTaskThread "GC Thread#0" [stack: 0x00000025e3c00000,0x00000025e3d00000] [id=16092]
  0x0000018eab864ab0 ConcurrentGCThread "G1 Main Marker" [stack: 0x00000025e3d00000,0x00000025e3e00000] [id=19276]
  0x0000018eab8654c0 ConcurrentGCThread "G1 Conc#0" [stack: 0x00000025e3e00000,0x00000025e3f00000] [id=10116]

[error occurred during error reporting (printing all threads), id 0xc0000005, EXCEPTION_ACCESS_VIOLATION (0xc0000005) at pc=0x00007ffa6c842ab7]

VM state: not at safepoint (not fully initialized)

VM Mutex/Monitor currently owned by a thread:  ([mutex/lock_event])
[0x0000018eab7f40e0] Heap_lock - owner thread: 0x0000018eab7f92f0

Heap address: 0x0000000081200000, size: 2030 MB, Compressed Oops mode: 32-bit

CDS archive(s) mapped at: [0x0000000000000000-0x0000000000000000-0x0000000000000000), size 0, SharedBaseAddress: 0x0000000800000000, ArchiveRelocationMode: 1.
Narrow klass base: 0x0000000000000000, Narrow klass shift: 0, Narrow klass range: 0x0

GC Precious Log:
<Empty>

Heap:
 garbage-first heap   total 0K, used 0K [0x0000000081200000, 0x0000000100000000)
  region size 1024K, 0 young (0K), 0 survivors (0K)
 Metaspace       used 0K, committed 0K, reserved 0K
  class space    used 0K, committed 0K, reserved 0K

Heap Regions: E=young(eden), S=young(survivor), O=old, HS=humongous(starts), HC=humongous(continues), CS=collection set, F=free, OA=open archive, CA=closed archive, TAMS=top-at-mark-start (previous, next)

Card table byte_map: [0x0000018ebe370000,0x0000018ebe770000] _byte_map_base: 0x0000018ebdf67000

Marking Bits (Prev, Next): (CMBitMap*) 0x0000018eab8543c0, (CMBitMap*) 0x0000018eab854400
 Prev Bits: [0x0000018ebeb70000, 0x0000018ec0b28000)
 Next Bits: [0x0000018ec0b30000, 0x0000018ec2ae8000)

GC Heap History (0 events):
No events

Dll operation events (1 events):
Event: 0.030 Loaded shared library C:\Program Files\JetBrains\IntelliJ IDEA 2023.2.2\jbr\bin\java.dll

Deoptimization events (0 events):
No events

Classes unloaded (0 events):
No events

Classes redefined (0 events):
No events

Internal exceptions (0 events):
No events

VM Operations (0 events):
No events

Events (0 events):
No events


Dynamic libraries:
0x00007ff682c40000 - 0x00007ff682c4a000 	C:\Program Files\JetBrains\IntelliJ IDEA 2023.2.2\jbr\bin\java.exe
0x00007ffaae8b0000 - 0x00007ffaaeaa7000 	C:\WINDOWS\SYSTEM32\ntdll.dll
0x00007ffaadc70000 - 0x00007ffaadd2d000 	C:\WINDOWS\System32\KERNEL32.DLL
0x00007ffaabf90000 - 0x00007ffaac286000 	C:\WINDOWS\System32\KERNELBASE.dll
0x00007ffaac570000 - 0x00007ffaac670000 	C:\WINDOWS\System32\ucrtbase.dll
0x00007ffaa4a80000 - 0x00007ffaa4a9b000 	C:\Program Files\JetBrains\IntelliJ IDEA 2023.2.2\jbr\bin\VCRUNTIME140.dll
0x00007ffaa3100000 - 0x00007ffaa3117000 	C:\Program Files\JetBrains\IntelliJ IDEA 2023.2.2\jbr\bin\jli.dll
0x00007ffaac910000 - 0x00007ffaacaae000 	C:\WINDOWS\System32\USER32.dll
0x00007ffaac2c0000 - 0x00007ffaac2e2000 	C:\WINDOWS\System32\win32u.dll
0x00007ffaad790000 - 0x00007ffaad7bc000 	C:\WINDOWS\System32\GDI32.dll
0x00007ffaac450000 - 0x00007ffaac56a000 	C:\WINDOWS\System32\gdi32full.dll
0x00007ffaac870000 - 0x00007ffaac90d000 	C:\WINDOWS\System32\msvcp_win.dll
0x00007ffa98b90000 - 0x00007ffa98e2a000 	C:\WINDOWS\WinSxS\amd64_microsoft.windows.common-controls_6595b64144ccf1df_6.0.19041.3570_none_60bb2a3971f3e41a\COMCTL32.dll
0x00007ffaadbd0000 - 0x00007ffaadc6e000 	C:\WINDOWS\System32\msvcrt.dll
0x00007ffaada70000 - 0x00007ffaadaa0000 	C:\WINDOWS\System32\IMM32.DLL
0x00007ffaa5290000 - 0x00007ffaa529c000 	C:\Program Files\JetBrains\IntelliJ IDEA 2023.2.2\jbr\bin\vcruntime140_1.dll
0x00007ffa99cd0000 - 0x00007ffa99d5d000 	C:\Program Files\JetBrains\IntelliJ IDEA 2023.2.2\jbr\bin\msvcp140.dll
0x00007ffa6c550000 - 0x00007ffa6d1d3000 	C:\Program Files\JetBrains\IntelliJ IDEA 2023.2.2\jbr\bin\server\jvm.dll
0x00007ffaad170000 - 0x00007ffaad21e000 	C:\WINDOWS\System32\ADVAPI32.dll
0x00007ffaacbc0000 - 0x00007ffaacc5c000 	C:\WINDOWS\System32\sechost.dll
0x00007ffaadaa0000 - 0x00007ffaadbc6000 	C:\WINDOWS\System32\RPCRT4.dll
0x00007ffaabdf0000 - 0x00007ffaabe3b000 	C:\WINDOWS\SYSTEM32\POWRPROF.dll
0x00007ffaaa6b0000 - 0x00007ffaaa6b9000 	C:\WINDOWS\SYSTEM32\WSOCK32.dll
0x00007ffaad700000 - 0x00007ffaad76b000 	C:\WINDOWS\System32\WS2_32.dll
0x00007ffa98e30000 - 0x00007ffa98e57000 	C:\WINDOWS\SYSTEM32\WINMM.dll
0x00007ffaa1d90000 - 0x00007ffaa1d9a000 	C:\WINDOWS\SYSTEM32\VERSION.dll
0x00007ffaabdd0000 - 0x00007ffaabde2000 	C:\WINDOWS\SYSTEM32\UMPDC.dll
0x00007ffaaa7f0000 - 0x00007ffaaa802000 	C:\WINDOWS\SYSTEM32\kernel.appcore.dll
0x00007ffaa6010000 - 0x00007ffaa601a000 	C:\Program Files\JetBrains\IntelliJ IDEA 2023.2.2\jbr\bin\jimage.dll
0x00007ffaaa490000 - 0x00007ffaaa674000 	C:\WINDOWS\SYSTEM32\DBGHELP.DLL
0x00007ffaa4240000 - 0x00007ffaa4274000 	C:\WINDOWS\SYSTEM32\dbgcore.DLL
0x00007ffaac7e0000 - 0x00007ffaac862000 	C:\WINDOWS\System32\bcryptPrimitives.dll
0x00007ffaa4920000 - 0x00007ffaa4945000 	C:\Program Files\JetBrains\IntelliJ IDEA 2023.2.2\jbr\bin\java.dll

dbghelp: loaded successfully - version: 4.0.5 - missing functions: none
symbol engine: initialized successfully - sym options: 0x614 - pdb path: .;C:\Program Files\JetBrains\IntelliJ IDEA 2023.2.2\jbr\bin;C:\WINDOWS\SYSTEM32;C:\WINDOWS\WinSxS\amd64_microsoft.windows.common-controls_6595b64144ccf1df_6.0.19041.3570_none_60bb2a3971f3e41a;C:\Program Files\JetBrains\IntelliJ IDEA 2023.2.2\jbr\bin\server

VM Arguments:
java_command: git4idea.http.GitAskPassApp Username for 'https://github.com': 
java_class_path (initial): C:/Program Files/JetBrains/IntelliJ IDEA 2023.2.2/plugins/vcs-git/lib/git4idea-rt.jar;C:/Program Files/JetBrains/IntelliJ IDEA 2023.2.2/lib/externalProcess-rt.jar
Launcher Type: SUN_STANDARD

[Global flags]
     intx CICompilerCount                          = 3                                         {product} {ergonomic}
     uint ConcGCThreads                            = 1                                         {product} {ergonomic}
     uint G1ConcRefinementThreads                  = 4                                         {product} {ergonomic}
   size_t G1HeapRegionSize                         = 1048576                                   {product} {ergonomic}
    uintx GCDrainStackTargetSize                   = 64                                        {product} {ergonomic}
   size_t InitialHeapSize                          = 134217728                                 {product} {ergonomic}
   size_t MarkStackSize                            = 4194304                                   {product} {ergonomic}
   size_t MaxHeapSize                              = 2128609280                                {product} {ergonomic}
   size_t MinHeapDeltaBytes                        = 1048576                                   {product} {ergonomic}
   size_t MinHeapSize                              = 8388608                                   {product} {ergonomic}
    uintx NonNMethodCodeHeapSize                   = 5832780                                {pd product} {ergonomic}
    uintx NonProfiledCodeHeapSize                  = 122912730                              {pd product} {ergonomic}
    uintx ProfiledCodeHeapSize                     = 122912730                              {pd product} {ergonomic}
    uintx ReservedCodeCacheSize                    = 251658240                              {pd product} {ergonomic}
     bool SegmentedCodeCache                       = true                                      {product} {ergonomic}
   size_t SoftMaxHeapSize                          = 2128609280                             {manageable} {ergonomic}
     bool UseCompressedClassPointers               = true                           {product lp64_product} {ergonomic}
     bool UseCompressedOops                        = true                           {product lp64_product} {ergonomic}
     bool UseG1GC                                  = true                                      {product} {ergonomic}
     bool UseLargePagesIndividualAllocation        = false                                  {pd product} {ergonomic}

Logging:
Log output configuration:
 #0: stdout all=warning uptime,level,tags
 #1: stderr all=off uptime,level,tags

Environment Variables:
JAVA_HOME=C:\Program Files\Java\jdk-20.0.2
PATH=D:\Git\mingw64\libexec\git-core;D:\Git\mingw64\libexec\git-core;D:\Git\mingw64\bin;D:\Git\usr\bin;C:\Users\win10-1909\bin;C:\Program Files\Common Files\Oracle\Java\javapath;C:\Program Files (x86)\Common Files\Oracle\Java\javapath;C:\Program Files\Broadcom\Broadcom 802.11 Network Adapter;C:\WINDOWS\system32;C:\WINDOWS;C:\WINDOWS\System32\Wbem;C:\WINDOWS\System32\WindowsPowerShell\v1.0;C:\WINDOWS\System32\OpenSSH;C:\Program Files\Microsoft\Web Platform Installer;C:\Program Files (x86)\Microsoft ASP.NET\ASP.NET Web Pages\v1.0;C:\Program Files\Microsoft SQL Server\110\Tools\Binn;D:\Git\cmd;C:\Program Files\nodejs;C:\Program Files\Java\jdk-20.0.2\bin;C:\sqlite;C:\Users\win10-1909\AppData\Local\Programs\Python\Python311\Scripts;C:\Users\win10-1909\AppData\Local\Programs\Python\Python311;C:\Users\win10-1909\AppData\Local\Microsoft\WindowsApps;D:\Microsoft VS Code\bin;D:\Dev-Cpp\MinGW64\bin;C:\Users\win10-1909\AppData\Roaming\npm;C:\Program Files\JetBrains\IntelliJ IDEA Community Edition 2023.2.1\bin;C:\Program Files\Java\jdk-20.0.2;C:\Users\win10-1909\AppData\Local\GitHubDesktop\bin;C:\Program Files\JetBrains\IntelliJ IDEA 2023.2.2\bin
USERNAME=win10-1909
DISPLAY=:0.0
LC_ALL=en_US.UTF-8
TERM=xterm-256color
TMPDIR=C:\Users\WIN10-~1\AppData\Local\Temp
OS=Windows_NT
PROCESSOR_IDENTIFIER=Intel64 Family 6 Model 61 Stepping 4, GenuineIntel
TMP=C:\Users\WIN10-~1\AppData\Local\Temp
TEMP=C:\Users\WIN10-~1\AppData\Local\Temp


JNI global refs:
JNI global refs: 0, weak refs: 0

JNI global refs memory usage: 0, weak refs: 0

OOME stack traces (most recent first):
Classloader memory used:


---------------  S Y S T E M  ---------------

OS:
 Windows 10 , 64 bit Build 19041 (10.0.19041.3570)
OS uptime: 13 days 3:45 hours

CPU: total 4 (initial active 4) (2 cores per cpu, 2 threads per core) family 6 model 61 stepping 4 microcode 0x2d, cx8, cmov, fxsr, ht, mmx, 3dnowpref, sse, sse2, sse3, ssse3, sse4.1, sse4.2, popcnt, lzcnt, tsc, tscinvbit, avx, avx2, aes, erms, clmul, bmi1, bmi2, adx, fma, vzeroupper, clflush
Processor Information for all 4 processors :
  Max Mhz: 2095, Current Mhz: 2095, Mhz Limit: 2095

Memory: 4k page, system-wide physical 8114M (281M free)
TotalPageFile size 19222M (AvailPageFile size 77M)
current process WorkingSet (physical memory assigned to process): 10M, peak: 10M
current process commit charge ("private bytes"): 51M, peak: 179M

vm_info: OpenJDK 64-Bit Server VM (17.0.8+7-b1000.22) for windows-amd64 JRE (17.0.8+7-b1000.22), built on 2023-09-02 by "builduser" with MS VC++ 16.10 / 16.11 (VS2019)

END.
